Using pre-set license
Built from '2020.3/staging' branch; Version is '2020.3.11f1 (99c7afb366b3) revision 10078127'; Using compiler version '192528614'; Build Type 'Release'
OS: 'Windows 10 Home; OS build 19043.1052; Version 2009; 64bit' Language: 'ru' Physical Memory: 8151 MB
BatchMode: 1, IsHumanControllingUs: 0, StartBugReporterOnCrash: 0, Is64bit: 1, IsPro: 0

 COMMAND LINE ARGUMENTS:
C:\Program Files\Unity\Hub\Editor\2020.3.11f1\Editor\Unity.exe
-adb2
-batchMode
-noUpm
-name
AssetImportWorker0
-projectPath
C:/Users/egorg/Clicker
-logFile
Logs/AssetImportWorker0.log
-srvPort
56546
Successfully changed project path to: C:/Users/egorg/Clicker
C:/Users/egorg/Clicker
Using Asset Import Pipeline V2.
Refreshing native plugins compatible for Editor in 58.94 ms, found 2 plugins.
Preloading 0 native plugins for Editor in 0.00 ms.
Initialize engine version: 2020.3.11f1 (99c7afb366b3)
[Subsystems] Discovering subsystems at path C:/Program Files/Unity/Hub/Editor/2020.3.11f1/Editor/Data/Resources/UnitySubsystems
[Subsystems] Discovering subsystems at path C:/Users/egorg/Clicker/Assets
GfxDevice: creating device client; threaded=0
Direct3D:
    Version:  Direct3D 11.0 [level 11.0]
    Renderer: NVIDIA GeForce GTX 750 Ti (ID=0x1380)
    Vendor:   
    VRAM:     4053 MB
    Driver:   27.21.14.6647
Initialize mono
Mono path[0] = 'C:/Program Files/Unity/Hub/Editor/2020.3.11f1/Editor/Data/Managed'
Mono path[1] = 'C:/Program Files/Unity/Hub/Editor/2020.3.11f1/Editor/Data/MonoBleedingEdge/lib/mono/unityjit'
Mono config path = 'C:/Program Files/Unity/Hub/Editor/2020.3.11f1/Editor/Data/MonoBleedingEdge/etc'
Using monoOptions --debugger-agent=transport=dt_socket,embedding=1,server=y,suspend=n,address=127.0.0.1:56644
Begin MonoManager ReloadAssembly
Registering precompiled unity dll's ...
Register platform support module: C:/Program Files/Unity/Hub/Editor/2020.3.11f1/Editor/Data/PlaybackEngines/WindowsStandaloneSupport/UnityEditor.WindowsStandalone.Extensions.dll
Registered in 0.004273 seconds.
Native extension for WindowsStandalone target not found
Refreshing native plugins compatible for Editor in 58.44 ms, found 2 plugins.
Preloading 0 native plugins for Editor in 0.00 ms.
Mono: successfully reloaded assembly
- Completed reload, in  3.995 seconds
Platform modules already initialized, skipping
Registering precompiled user dll's ...
Registered in 0.161664 seconds.
Begin MonoManager ReloadAssembly
Native extension for WindowsStandalone target not found
Refreshing native plugins compatible for Editor in 0.66 ms, found 2 plugins.
Preloading 0 native plugins for Editor in 0.00 ms.
Mono: successfully reloaded assembly
- Completed reload, in  2.552 seconds
Platform modules already initialized, skipping
========================================================================
Worker process is ready to serve import requests
Launched and connected shader compiler UnityShaderCompiler.exe after 0.13 seconds
Refreshing native plugins compatible for Editor in 0.55 ms, found 2 plugins.
Preloading 0 native plugins for Editor in 0.00 ms.
Unloading 1452 Unused Serialized files (Serialized files now loaded: 0)
System memory in use before: 69.1 MB.
System memory in use after: 69.1 MB.

Unloading 19 unused Assets to reduce memory usage. Loaded Objects now: 1887.
Total: 3.234600 ms (FindLiveObjects: 0.223600 ms CreateObjectMapping: 0.097500 ms MarkObjects: 2.734000 ms  DeleteObjects: 0.177000 ms)

========================================================================
Received Import Request.
  path: Assets/data.json
  artifactKey: Guid(b3468cb06857f8a46bcaffc1f71ffe62) Importer(815301076,1909f56bfc062723c751e8b465ee728b)
Start importing Assets/data.json using Guid(b3468cb06857f8a46bcaffc1f71ffe62) Importer(815301076,1909f56bfc062723c751e8b465ee728b)  -> (artifact id: 'db523beec25528c948eaa383c34ce1e2') in 0.061876 seconds
  Import took 0.066657 seconds .

========================================================================
Received Prepare
Registering precompiled user dll's ...
Registered in 0.008334 seconds.
Begin MonoManager ReloadAssembly
Native extension for WindowsStandalone target not found
Refreshing native plugins compatible for Editor in 0.75 ms, found 2 plugins.
Preloading 0 native plugins for Editor in 0.00 ms.
Mono: successfully reloaded assembly
- Completed reload, in  1.834 seconds
Platform modules already initialized, skipping
Refreshing native plugins compatible for Editor in 0.55 ms, found 2 plugins.
Preloading 0 native plugins for Editor in 0.00 ms.
Unloading 1434 Unused Serialized files (Serialized files now loaded: 0)
System memory in use before: 67.7 MB.
System memory in use after: 67.8 MB.

Unloading 14 unused Assets to reduce memory usage. Loaded Objects now: 1890.
Total: 3.084700 ms (FindLiveObjects: 0.204200 ms CreateObjectMapping: 0.093700 ms MarkObjects: 2.692800 ms  DeleteObjects: 0.092000 ms)

========================================================================
Received Prepare
Registering precompiled user dll's ...
Registered in 0.007448 seconds.
Begin MonoManager ReloadAssembly
Native extension for WindowsStandalone target not found
Refreshing native plugins compatible for Editor in 0.55 ms, found 2 plugins.
Preloading 0 native plugins for Editor in 0.00 ms.
Mono: successfully reloaded assembly
- Completed reload, in  1.837 seconds
Platform modules already initialized, skipping
Refreshing native plugins compatible for Editor in 0.55 ms, found 2 plugins.
Preloading 0 native plugins for Editor in 0.00 ms.
Unloading 1434 Unused Serialized files (Serialized files now loaded: 0)
System memory in use before: 67.8 MB.
System memory in use after: 67.9 MB.

Unloading 14 unused Assets to reduce memory usage. Loaded Objects now: 1893.
Total: 3.880600 ms (FindLiveObjects: 0.230000 ms CreateObjectMapping: 0.105400 ms MarkObjects: 3.440700 ms  DeleteObjects: 0.102100 ms)

========================================================================
Received Import Request.
  Time since last request: 179.765647 seconds.
  path: Assets/Scripts/Building.cs
  artifactKey: Guid(98f1768430dbb6945b2aa651344034ba) Importer(815301076,1909f56bfc062723c751e8b465ee728b)
Start importing Assets/Scripts/Building.cs using Guid(98f1768430dbb6945b2aa651344034ba) Importer(815301076,1909f56bfc062723c751e8b465ee728b)  -> (artifact id: '533780bb8b2859d972c97697db1f4520') in 0.023461 seconds
  Import took 0.027981 seconds .

========================================================================
Received Import Request.
  Time since last request: 0.587170 seconds.
  path: Assets/Scripts/Building.cs
  artifactKey: Guid(98f1768430dbb6945b2aa651344034ba) Importer(815301076,1909f56bfc062723c751e8b465ee728b)
Start importing Assets/Scripts/Building.cs using Guid(98f1768430dbb6945b2aa651344034ba) Importer(815301076,1909f56bfc062723c751e8b465ee728b)  -> (artifact id: '533780bb8b2859d972c97697db1f4520') in 0.003433 seconds
  Import took 0.007423 seconds .

========================================================================
Received Prepare
Registering precompiled user dll's ...
Registered in 0.007848 seconds.
Begin MonoManager ReloadAssembly
Native extension for WindowsStandalone target not found
Refreshing native plugins compatible for Editor in 0.95 ms, found 2 plugins.
Preloading 0 native plugins for Editor in 0.00 ms.
Mono: successfully reloaded assembly
- Completed reload, in  1.999 seconds
Platform modules already initialized, skipping
Refreshing native plugins compatible for Editor in 0.55 ms, found 2 plugins.
Preloading 0 native plugins for Editor in 0.00 ms.
Unloading 1434 Unused Serialized files (Serialized files now loaded: 0)
System memory in use before: 67.8 MB.
System memory in use after: 67.9 MB.

Unloading 14 unused Assets to reduce memory usage. Loaded Objects now: 1896.
Total: 3.338000 ms (FindLiveObjects: 0.222900 ms CreateObjectMapping: 0.090100 ms MarkObjects: 2.917900 ms  DeleteObjects: 0.103900 ms)

========================================================================
Received Import Request.
  Time since last request: 77.576195 seconds.
  path: Assets/Scripts/Building.cs
  artifactKey: Guid(98f1768430dbb6945b2aa651344034ba) Importer(815301076,1909f56bfc062723c751e8b465ee728b)
Start importing Assets/Scripts/Building.cs using Guid(98f1768430dbb6945b2aa651344034ba) Importer(815301076,1909f56bfc062723c751e8b465ee728b)  -> (artifact id: '4116b0212c99f5590fde73f445df7b93') in 0.007030 seconds
  Import took 0.010656 seconds .

========================================================================
Received Prepare
Registering precompiled user dll's ...
Registered in 0.008282 seconds.
Begin MonoManager ReloadAssembly
Native extension for WindowsStandalone target not found
Refreshing native plugins compatible for Editor in 0.54 ms, found 2 plugins.
Preloading 0 native plugins for Editor in 0.00 ms.
Mono: successfully reloaded assembly
- Completed reload, in  1.937 seconds
Platform modules already initialized, skipping
Refreshing native plugins compatible for Editor in 0.79 ms, found 2 plugins.
Preloading 0 native plugins for Editor in 0.00 ms.
Unloading 1434 Unused Serialized files (Serialized files now loaded: 0)
System memory in use before: 67.8 MB.
System memory in use after: 67.9 MB.

Unloading 14 unused Assets to reduce memory usage. Loaded Objects now: 1899.
Total: 2.964100 ms (FindLiveObjects: 0.198700 ms CreateObjectMapping: 0.093300 ms MarkObjects: 2.577200 ms  DeleteObjects: 0.093000 ms)

========================================================================
Received Prepare
Registering precompiled user dll's ...
Registered in 0.008295 seconds.
Begin MonoManager ReloadAssembly
Native extension for WindowsStandalone target not found
Refreshing native plugins compatible for Editor in 0.65 ms, found 2 plugins.
Preloading 0 native plugins for Editor in 0.00 ms.
Mono: successfully reloaded assembly
- Completed reload, in  1.840 seconds
Platform modules already initialized, skipping
Refreshing native plugins compatible for Editor in 0.54 ms, found 2 plugins.
Preloading 0 native plugins for Editor in 0.00 ms.
Unloading 1434 Unused Serialized files (Serialized files now loaded: 0)
System memory in use before: 67.8 MB.
System memory in use after: 67.9 MB.

Unloading 14 unused Assets to reduce memory usage. Loaded Objects now: 1902.
Total: 3.106300 ms (FindLiveObjects: 0.209100 ms CreateObjectMapping: 0.089300 ms MarkObjects: 2.714600 ms  DeleteObjects: 0.091300 ms)

========================================================================
Received Prepare
Registering precompiled user dll's ...
Registered in 0.007496 seconds.
Begin MonoManager ReloadAssembly
Native extension for WindowsStandalone target not found
Refreshing native plugins compatible for Editor in 0.95 ms, found 2 plugins.
Preloading 0 native plugins for Editor in 0.00 ms.
Mono: successfully reloaded assembly
- Completed reload, in  1.930 seconds
Platform modules already initialized, skipping
Refreshing native plugins compatible for Editor in 0.53 ms, found 2 plugins.
Preloading 0 native plugins for Editor in 0.00 ms.
Unloading 1434 Unused Serialized files (Serialized files now loaded: 0)
System memory in use before: 67.8 MB.
System memory in use after: 67.9 MB.

Unloading 14 unused Assets to reduce memory usage. Loaded Objects now: 1905.
Total: 2.999700 ms (FindLiveObjects: 0.191000 ms CreateObjectMapping: 0.085600 ms MarkObjects: 2.625200 ms  DeleteObjects: 0.096000 ms)

========================================================================
Received Prepare
Registering precompiled user dll's ...
Registered in 0.007791 seconds.
Begin MonoManager ReloadAssembly
Native extension for WindowsStandalone target not found
Refreshing native plugins compatible for Editor in 0.54 ms, found 2 plugins.
Preloading 0 native plugins for Editor in 0.00 ms.
Mono: successfully reloaded assembly
- Completed reload, in  1.791 seconds
Platform modules already initialized, skipping
Refreshing native plugins compatible for Editor in 0.54 ms, found 2 plugins.
Preloading 0 native plugins for Editor in 0.00 ms.
Unloading 1434 Unused Serialized files (Serialized files now loaded: 0)
System memory in use before: 67.8 MB.
System memory in use after: 67.9 MB.

Unloading 14 unused Assets to reduce memory usage. Loaded Objects now: 1908.
Total: 3.083200 ms (FindLiveObjects: 0.197400 ms CreateObjectMapping: 0.093000 ms MarkObjects: 2.700400 ms  DeleteObjects: 0.090800 ms)

========================================================================
Received Prepare
Refreshing native plugins compatible for Editor in 5.70 ms, found 2 plugins.
Preloading 0 native plugins for Editor in 0.00 ms.
Unloading 12 Unused Serialized files (Serialized files now loaded: 0)
System memory in use before: 39.7 MB.
System memory in use after: 39.7 MB.

Unloading 12 unused Assets to reduce memory usage. Loaded Objects now: 1908.
Total: 3.422400 ms (FindLiveObjects: 0.358600 ms CreateObjectMapping: 0.111700 ms MarkObjects: 2.820500 ms  DeleteObjects: 0.129500 ms)

========================================================================
Received Prepare
Refreshing native plugins compatible for Editor in 5.39 ms, found 2 plugins.
Preloading 0 native plugins for Editor in 0.00 ms.
Unloading 12 Unused Serialized files (Serialized files now loaded: 0)
System memory in use before: 39.7 MB.
System memory in use after: 39.7 MB.

Unloading 12 unused Assets to reduce memory usage. Loaded Objects now: 1908.
Total: 3.662200 ms (FindLiveObjects: 0.219800 ms CreateObjectMapping: 0.091900 ms MarkObjects: 3.257400 ms  DeleteObjects: 0.091300 ms)

========================================================================
Received Prepare
Refreshing native plugins compatible for Editor in 5.99 ms, found 2 plugins.
Preloading 0 native plugins for Editor in 0.00 ms.
Unloading 12 Unused Serialized files (Serialized files now loaded: 0)
System memory in use before: 39.7 MB.
System memory in use after: 39.7 MB.

Unloading 12 unused Assets to reduce memory usage. Loaded Objects now: 1908.
Total: 3.201100 ms (FindLiveObjects: 0.228900 ms CreateObjectMapping: 0.093000 ms MarkObjects: 2.785600 ms  DeleteObjects: 0.091800 ms)

========================================================================
Received Prepare
Refreshing native plugins compatible for Editor in 5.34 ms, found 2 plugins.
Preloading 0 native plugins for Editor in 0.00 ms.
Unloading 12 Unused Serialized files (Serialized files now loaded: 0)
System memory in use before: 39.7 MB.
System memory in use after: 39.7 MB.

Unloading 12 unused Assets to reduce memory usage. Loaded Objects now: 1908.
Total: 3.317600 ms (FindLiveObjects: 0.219700 ms CreateObjectMapping: 0.095000 ms MarkObjects: 2.917200 ms  DeleteObjects: 0.084100 ms)

========================================================================
Received Prepare
Refreshing native plugins compatible for Editor in 5.30 ms, found 2 plugins.
Preloading 0 native plugins for Editor in 0.00 ms.
Unloading 12 Unused Serialized files (Serialized files now loaded: 0)
System memory in use before: 39.7 MB.
System memory in use after: 39.7 MB.

Unloading 12 unused Assets to reduce memory usage. Loaded Objects now: 1908.
Total: 3.336500 ms (FindLiveObjects: 0.209400 ms CreateObjectMapping: 0.095400 ms MarkObjects: 2.943900 ms  DeleteObjects: 0.086000 ms)

AssetImportWorkerClient::OnTransportError - code=2 error=End of file
